d:\users\dominic\documents\github\beebem-windows\src\hardware\resid\debug\resid.pdb
d:\users\dominic\documents\github\beebem-windows\src\hardware\resid\debug\resid.idb
d:\users\dominic\documents\github\beebem-windows\src\hardware\resid\debug\envelope.obj
d:\users\dominic\documents\github\beebem-windows\src\hardware\resid\debug\extfilt.obj
d:\users\dominic\documents\github\beebem-windows\src\hardware\resid\debug\filter.obj
d:\users\dominic\documents\github\beebem-windows\src\hardware\resid\debug\pot.obj
d:\users\dominic\documents\github\beebem-windows\src\hardware\resid\debug\sid.obj
d:\users\dominic\documents\github\beebem-windows\src\hardware\resid\debug\version.obj
d:\users\dominic\documents\github\beebem-windows\src\hardware\resid\debug\voice.obj
d:\users\dominic\documents\github\beebem-windows\src\hardware\resid\debug\wave.obj
d:\users\dominic\documents\github\beebem-windows\src\hardware\resid\debug\wave6581_pst.obj
d:\users\dominic\documents\github\beebem-windows\src\hardware\resid\debug\wave6581_ps_.obj
d:\users\dominic\documents\github\beebem-windows\src\hardware\resid\debug\wave6581_p_t.obj
d:\users\dominic\documents\github\beebem-windows\src\hardware\resid\debug\wave6581__st.obj
d:\users\dominic\documents\github\beebem-windows\src\hardware\resid\debug\wave8580_pst.obj
d:\users\dominic\documents\github\beebem-windows\src\hardware\resid\debug\wave8580_ps_.obj
d:\users\dominic\documents\github\beebem-windows\src\hardware\resid\debug\wave8580_p_t.obj
d:\users\dominic\documents\github\beebem-windows\src\hardware\resid\debug\wave8580__st.obj
d:\users\dominic\documents\github\beebem-windows\src\debug\resid.lib
d:\users\dominic\documents\github\beebem-windows\src\hardware\resid\debug\resid.tlog\cl.command.1.tlog
d:\users\dominic\documents\github\beebem-windows\src\hardware\resid\debug\resid.tlog\cl.read.1.tlog
d:\users\dominic\documents\github\beebem-windows\src\hardware\resid\debug\resid.tlog\cl.write.1.tlog
d:\users\dominic\documents\github\beebem-windows\src\hardware\resid\debug\resid.tlog\lib-link.read.1.tlog
d:\users\dominic\documents\github\beebem-windows\src\hardware\resid\debug\resid.tlog\lib-link.write.1.tlog
d:\users\dominic\documents\github\beebem-windows\src\hardware\resid\debug\resid.tlog\lib.command.1.tlog
